<?xml version="1.0" encoding="UTF-8"?>
<testsuite xmlns:xsi="http://www.w3.org/2001/XMLSchema-instance" xsi:noNamespaceSchemaLocation="https://maven.apache.org/surefire/maven-surefire-plugin/xsd/surefire-test-report.xsd" version="3.0.2" name="com.example.weatherapp.service.WeatherConditionInterpreterTest" time="0.171" tests="31" errors="0" skipped="0" failures="0">
  <properties>
[...]
</properties>
  <testcase name="code1_night_shouldBePrevalentementeSereno" classname="com.example.weatherapp.service.WeatherConditionInterpreterTest" time="0.026"/>
  <testcase name="drizzleCodes_shouldBePioviggine(int)[1]" classname="com.example.weatherapp.service.WeatherConditionInterpreterTest" time="0.015"/>
  <testcase name="drizzleCodes_shouldBePioviggine(int)[2]" classname="com.example.weatherapp.service.WeatherConditionInterpreterTest" time="0.0"/>
  <testcase name="drizzleCodes_shouldBePioviggine(int)[3]" classname="com.example.weatherapp.service.WeatherConditionInterpreterTest" time="0.0"/>
  <testcase name="drizzleCodes_shouldBePioviggine(int)[4]" classname="com.example.weatherapp.service.WeatherConditionInterpreterTest" time="0.0"/>
  <testcase name="drizzleCodes_shouldBePioviggine(int)[5]" classname="com.example.weatherapp.service.WeatherConditionInterpreterTest" time="0.0"/>
  <testcase name="rainCodes_shouldBePioggia(int)[1]" classname="com.example.weatherapp.service.WeatherConditionInterpreterTest" time="0.0"/>
  <testcase name="rainCodes_shouldBePioggia(int)[2]" classname="com.example.weatherapp.service.WeatherConditionInterpreterTest" time="0.0"/>
  <testcase name="rainCodes_shouldBePioggia(int)[3]" classname="com.example.weatherapp.service.WeatherConditionInterpreterTest" time="0.005"/>
  <testcase name="rainCodes_shouldBePioggia(int)[4]" classname="com.example.weatherapp.service.WeatherConditionInterpreterTest" time="0.0"/>
  <testcase name="rainCodes_shouldBePioggia(int)[5]" classname="com.example.weatherapp.service.WeatherConditionInterpreterTest" time="0.0"/>
  <testcase name="rainCodes_shouldBePioggia(int)[6]" classname="com.example.weatherapp.service.WeatherConditionInterpreterTest" time="0.0"/>
  <testcase name="rainCodes_shouldBePioggia(int)[7]" classname="com.example.weatherapp.service.WeatherConditionInterpreterTest" time="0.0"/>
  <testcase name="rainCodes_shouldBePioggia(int)[8]" classname="com.example.weatherapp.service.WeatherConditionInterpreterTest" time="0.006"/>
  <testcase name="fogCodes_shouldBeNebbia(int)[1]" classname="com.example.weatherapp.service.WeatherConditionInterpreterTest" time="0.0"/>
  <testcase name="fogCodes_shouldBeNebbia(int)[2]" classname="com.example.weatherapp.service.WeatherConditionInterpreterTest" time="0.0"/>
  <testcase name="code3_shouldBeCoperto" classname="com.example.weatherapp.service.WeatherConditionInterpreterTest" time="0.0"/>
  <testcase name="unknownCode_shouldBeCondizioniVariabili" classname="com.example.weatherapp.service.WeatherConditionInterpreterTest" time="0.0"/>
  <testcase name="thunderstormCodes_shouldBeTemporale(int)[1]" classname="com.example.weatherapp.service.WeatherConditionInterpreterTest" time="0.0"/>
  <testcase name="thunderstormCodes_shouldBeTemporale(int)[2]" classname="com.example.weatherapp.service.WeatherConditionInterpreterTest" time="0.0"/>
  <testcase name="thunderstormCodes_shouldBeTemporale(int)[3]" classname="com.example.weatherapp.service.WeatherConditionInterpreterTest" time="0.016"/>
  <testcase name="code0_night_shouldBeCieloSereno" classname="com.example.weatherapp.service.WeatherConditionInterpreterTest" time="0.0"/>
  <testcase name="code0_day_shouldBeSolePieno" classname="com.example.weatherapp.service.WeatherConditionInterpreterTest" time="0.0"/>
  <testcase name="code2_shouldBeParzialmenteNuvoloso" classname="com.example.weatherapp.service.WeatherConditionInterpreterTest" time="0.0"/>
  <testcase name="snowCodes_shouldBeNeve(int)[1]" classname="com.example.weatherapp.service.WeatherConditionInterpreterTest" time="0.0"/>
  <testcase name="snowCodes_shouldBeNeve(int)[2]" classname="com.example.weatherapp.service.WeatherConditionInterpreterTest" time="0.0"/>
  <testcase name="snowCodes_shouldBeNeve(int)[3]" classname="com.example.weatherapp.service.WeatherConditionInterpreterTest" time="0.0"/>
  <testcase name="snowCodes_shouldBeNeve(int)[4]" classname="com.example.weatherapp.service.WeatherConditionInterpreterTest" time="0.0"/>
  <testcase name="snowCodes_shouldBeNeve(int)[5]" classname="com.example.weatherapp.service.WeatherConditionInterpreterTest" time="0.0"/>
  <testcase name="snowCodes_shouldBeNeve(int)[6]" classname="com.example.weatherapp.service.WeatherConditionInterpreterTest" time="0.0"/>
  <testcase name="code1_day_shouldBePrevalentementeSoleggiato" classname="com.example.weatherapp.service.WeatherConditionInterpreterTest" time="0.0"/>
</testsuite>